Using pre-set license
Built from '2021.1/release' branch; Version is '2021.1.0f1 (61a549675243) revision 6399305'; Using compiler version '192528614'; Build Type 'Release'
OS: 'Windows 10 Home; OS build 19042.1466; Version 2009; 64bit' Language: 'en' Physical Memory: 16178 MB
BatchMode: 1, IsHumanControllingUs: 0, StartBugReporterOnCrash: 0, Is64bit: 1, IsPro: 0

 COMMAND LINE ARGUMENTS:
C:\Program Files\Unity\Hub\Editor\2021.1.0f1\Editor\Unity.exe
-adb2
-batchMode
-noUpm
-name
AssetImportWorker0
-projectPath
C:/github/snhu_gamejam1_2022/Mine-Gamejam
-logFile
Logs/AssetImportWorker0.log
-srvPort
56923
Successfully changed project path to: C:/github/snhu_gamejam1_2022/Mine-Gamejam
C:/github/snhu_gamejam1_2022/Mine-Gamejam
Using Asset Import Pipeline V2.
Refreshing native plugins compatible for Editor in 141.00 ms, found 2 plugins.
Preloading 0 native plugins for Editor in 0.00 ms.
Initialize engine version: 2021.1.0f1 (61a549675243)
[Subsystems] Discovering subsystems at path C:/Program Files/Unity/Hub/Editor/2021.1.0f1/Editor/Data/Resources/UnitySubsystems
[Subsystems] Discovering subsystems at path C:/github/snhu_gamejam1_2022/Mine-Gamejam/Assets
GfxDevice: creating device client; threaded=0; jobified=0
Direct3D:
    Version:  Direct3D 11.0 [level 11.1]
    Renderer: NVIDIA GeForce GTX 1060 with Max-Q Design (ID=0x1c20)
    Vendor:   NVIDIA
    VRAM:     6052 MB
    Driver:   30.0.14.9709
Initialize mono
Mono path[0] = 'C:/Program Files/Unity/Hub/Editor/2021.1.0f1/Editor/Data/Managed'
Mono path[1] = 'C:/Program Files/Unity/Hub/Editor/2021.1.0f1/Editor/Data/MonoBleedingEdge/lib/mono/unityjit'
Mono config path = 'C:/Program Files/Unity/Hub/Editor/2021.1.0f1/Editor/Data/MonoBleedingEdge/etc'
Using monoOptions --debugger-agent=transport=dt_socket,embedding=1,server=y,suspend=n,address=127.0.0.1:56904
Begin MonoManager ReloadAssembly
Registering precompiled unity dll's ...
Register platform support module: C:/Program Files/Unity/Hub/Editor/2021.1.0f1/Editor/Data/PlaybackEngines/WebGLSupport/UnityEditor.WebGL.Extensions.dll
Register platform support module: C:/Program Files/Unity/Hub/Editor/2021.1.0f1/Editor/Data/PlaybackEngines/WindowsStandaloneSupport/UnityEditor.WindowsStandalone.Extensions.dll
Register platform support module: C:/Program Files/Unity/Hub/Editor/2021.1.0f1/Editor/Data/PlaybackEngines/LinuxStandaloneSupport/UnityEditor.LinuxStandalone.Extensions.dll
Registered in 0.003184 seconds.
Native extension for LinuxStandalone target not found
Native extension for WindowsStandalone target not found
Native extension for WebGL target not found
Refreshing native plugins compatible for Editor in 90.70 ms, found 2 plugins.
Preloading 0 native plugins for Editor in 0.00 ms.
Mono: successfully reloaded assembly
- Completed reload, in  1.924 seconds
Platform modules already initialized, skipping
Registering precompiled user dll's ...
Registered in 0.003925 seconds.
Begin MonoManager ReloadAssembly
Native extension for LinuxStandalone target not found
Native extension for WindowsStandalone target not found
Native extension for WebGL target not found
Refreshing native plugins compatible for Editor in 91.77 ms, found 2 plugins.
Preloading 0 native plugins for Editor in 0.00 ms.
Mono: successfully reloaded assembly
- Completed reload, in  1.151 seconds
Platform modules already initialized, skipping
========================================================================
Worker process is ready to serve import requests
Launched and connected shader compiler UnityShaderCompiler.exe after 0.05 seconds
Refreshing native plugins compatible for Editor in 0.57 ms, found 2 plugins.
Preloading 0 native plugins for Editor in 0.00 ms.
Unloading 3365 Unused Serialized files (Serialized files now loaded: 0)
System memory in use before: 127.4 MB.
System memory in use after: 127.5 MB.

Unloading 29 unused Assets to reduce memory usage. Loaded Objects now: 3816.
Total: 2.875700 ms (FindLiveObjects: 0.326000 ms CreateObjectMapping: 0.261500 ms MarkObjects: 2.182900 ms  DeleteObjects: 0.104100 ms)

========================================================================
Received Import Request.
  path: Assets
  artifactKey: Guid(00000000000000001000000000000000) Importer(815301076,1909f56bfc062723c751e8b465ee728b)
Start importing Assets using Guid(00000000000000001000000000000000) Importer(815301076,1909f56bfc062723c751e8b465ee728b)  -> (artifact id: 'c1e3b0d4d28e3570eb9237b2a8027d38') in 0.008973 seconds 
========================================================================
Received Import Request.
  Time since last request: 0.297118 seconds.
  path: Assets/Models
  artifactKey: Guid(2e65409c3fb61b54bbda77bae0eb7ef5) Importer(815301076,1909f56bfc062723c751e8b465ee728b)
Start importing Assets/Models using Guid(2e65409c3fb61b54bbda77bae0eb7ef5) Importer(815301076,1909f56bfc062723c751e8b465ee728b)  -> (artifact id: '727e2a4c22adb2d95a4808c77550cc0a') in 0.006977 seconds 
========================================================================
Received Import Request.
  Time since last request: 6.203476 seconds.
  path: Assets/Scripts
  artifactKey: Guid(b7bc99c42e805b44fbca4ec8b25912e0) Importer(815301076,1909f56bfc062723c751e8b465ee728b)
Start importing Assets/Scripts using Guid(b7bc99c42e805b44fbca4ec8b25912e0) Importer(815301076,1909f56bfc062723c751e8b465ee728b)  -> (artifact id: '65fffc3ac03ce51a74007aed38dd58ee') in 0.007757 seconds 
========================================================================
Received Import Request.
  Time since last request: 15.214035 seconds.
  path: Assets/Textures
  artifactKey: Guid(b3baf332e57fc574398320dccddfc1b7) Importer(815301076,1909f56bfc062723c751e8b465ee728b)
Start importing Assets/Textures using Guid(b3baf332e57fc574398320dccddfc1b7) Importer(815301076,1909f56bfc062723c751e8b465ee728b)  -> (artifact id: 'f4467173e37c07ed917f87bd36b99a22') in 0.006605 seconds 
========================================================================
Received Import Request.
  Time since last request: 8.343155 seconds.
  path: Assets/Materials
  artifactKey: Guid(480a568b0f963e644a3abe92894e5e49) Importer(815301076,1909f56bfc062723c751e8b465ee728b)
Start importing Assets/Materials using Guid(480a568b0f963e644a3abe92894e5e49) Importer(815301076,1909f56bfc062723c751e8b465ee728b)  -> (artifact id: '71378d15f8cfe1f592767aaf9a4fd2e4') in 0.006039 seconds 
AssetImportWorkerClient::OnTransportError - code=2 error=End of file
